2019-11-09 22:22:26 排序窗口
2019-11-09 22:22:26 排序窗口完成，开始识别窗口
2019-11-09 22:22:27 识别启动，开始查找目标窗口
2019-11-09 22:22:27 识别窗口成功，找到1个目标窗口
2019-11-09 22:22:27 开始识别第1个用户
2019-11-09 22:22:27 找到用户shakalaka
2019-11-09 22:22:34 用户shakalaka正在匹配房间
2019-11-09 22:22:35 用户shakalaka正在匹配房间
2019-11-09 22:22:36 用户shakalaka正在匹配房间
2019-11-09 22:22:37 用户shakalaka正在匹配房间
2019-11-09 22:22:38 用户shakalaka正在匹配房间
2019-11-09 22:22:39 用户shakalaka正在匹配房间
2019-11-09 22:22:40 用户shakalaka正在匹配房间
2019-11-09 22:22:41 用户shakalaka正在匹配房间
2019-11-09 22:22:42 用户shakalaka正在匹配房间
2019-11-09 22:22:43 用户shakalaka正在匹配房间
2019-11-09 22:22:44 用户shakalaka正在匹配房间
2019-11-09 22:22:45 用户shakalaka正在匹配房间
2019-11-09 22:22:46 用户shakalaka正在匹配房间
2019-11-09 22:22:47 用户shakalaka正在匹配房间
2019-11-09 22:22:48 用户shakalaka正在匹配房间
2019-11-09 22:22:49 用户shakalaka正在匹配房间
2019-11-09 22:22:50 用户shakalaka正在匹配房间
2019-11-09 22:22:51 用户shakalaka正在匹配房间
2019-11-09 22:22:52 用户shakalaka正在匹配房间
2019-11-09 22:22:53 用户shakalaka正在匹配房间
2019-11-09 22:22:54 用户shakalaka正在匹配房间
2019-11-09 22:22:55 用户shakalaka正在匹配房间
2019-11-09 22:22:56 用户shakalaka匹配到房间，游戏开始
2019-11-09 22:22:56 获取用户shakalaka方位成功
2019-11-09 22:23:01 用户shakalaka正在打牌
2019-11-09 22:23:01 获取用户shakalaka手牌失败
2019-11-09 22:23:01 用户shakalaka手牌为： 1万 1万 2万 7万 3条 5条 2筒 2筒 8筒
2019-11-09 22:23:01 用户shakalaka杠碰为：
2019-11-09 22:23:07 用户shakalaka打完牌，等待其它用户出牌
2019-11-09 22:23:30 用户shakalaka正在打牌
2019-11-09 22:23:30 获取用户shakalaka手牌失败
2019-11-09 22:23:30 用户shakalaka手牌为： 1万 1万 2万 7万 幺鸡 3条 5条 2筒 2筒 8筒
2019-11-09 22:23:30 用户shakalaka杠碰为：
2019-11-09 22:23:34 用户shakalaka打完牌，等待其它用户出牌
2019-11-09 22:23:46 用户shakalaka正在打牌
2019-11-09 22:23:46 获取用户shakalaka手牌失败
2019-11-09 22:23:46 用户shakalaka手牌为： 1万 1万 2万 7万 幺鸡 3条 5条 1筒 2筒 2筒
2019-11-09 22:23:46 用户shakalaka杠碰为：
2019-11-09 22:23:54 用户shakalaka打完牌，等待其它用户出牌
2019-11-09 22:24:00 用户shakalaka正在打牌
2019-11-09 22:24:00 获取用户shakalaka手牌失败
2019-11-09 22:24:00 用户shakalaka手牌为： 2万 3万 7万 幺鸡 3条 5条 2筒 2筒
2019-11-09 22:24:00 用户shakalaka杠碰为：
2019-11-09 22:24:04 用户shakalaka打完牌，等待其它用户出牌
2019-11-09 22:24:17 用户shakalaka正在打牌
2019-11-09 22:24:17 获取用户shakalaka手牌失败
2019-11-09 22:24:17 用户shakalaka手牌为： 2万 3万 7万 3条 5条 2筒 2筒 5筒
2019-11-09 22:24:17 用户shakalaka杠碰为：
2019-11-09 22:24:19 用户shakalaka打完牌，等待其它用户出牌
2019-11-09 22:24:37 用户shakalaka正在打牌
2019-11-09 22:24:37 获取用户shakalaka手牌失败
2019-11-09 22:24:37 用户shakalaka手牌为： 2万 3万 7万 3条 5条 7条 2筒 2筒
2019-11-09 22:24:37 用户shakalaka杠碰为：
2019-11-09 22:24:43 用户shakalaka打完牌，等待其它用户出牌
2019-11-09 22:25:15 用户shakalaka正在打牌
2019-11-09 22:25:15 获取用户shakalaka手牌失败
2019-11-09 22:25:15 用户shakalaka手牌为： 2万 3万 7万 3条 5条 2筒 2筒
2019-11-09 22:25:15 用户shakalaka杠碰为：
2019-11-09 22:25:16 用户shakalaka打完牌，等待其它用户出牌
2019-11-09 22:25:26 用户shakalaka正在打牌
2019-11-09 22:25:26 获取用户shakalaka手牌失败
2019-11-09 22:25:26 用户shakalaka手牌为： 2万 3万 7万 3条 5条
2019-11-09 22:25:26 用户shakalaka杠碰为：
2019-11-09 22:25:32 用户shakalaka打完牌，等待其它用户出牌
2019-11-09 22:25:54 用户shakalaka正在打牌
2019-11-09 22:25:54 获取用户shakalaka手牌失败
2019-11-09 22:25:54 用户shakalaka手牌为： 2万 3万 7万 3条 8条
2019-11-09 22:25:54 用户shakalaka杠碰为：
2019-11-09 22:25:57 用户shakalaka打完牌，等待其它用户出牌
2019-11-09 22:26:14 用户shakalaka正在打牌
2019-11-09 22:26:14 获取用户shakalaka手牌失败
2019-11-09 22:26:14 用户shakalaka手牌为： 2万 3万 7万
2019-11-09 22:26:14 用户shakalaka杠碰为：
2019-11-09 22:26:18 用户shakalaka打完牌，等待其它用户出牌
2019-11-09 22:26:32 用户shakalaka正在打牌
2019-11-09 22:26:32 获取用户shakalaka手牌失败
2019-11-09 22:26:32 用户shakalaka手牌为： 2万 3万 7万 6筒
2019-11-09 22:26:32 用户shakalaka杠碰为：
2019-11-09 22:26:35 用户shakalaka打完牌，等待其它用户出牌
2019-11-09 22:26:48 用户shakalaka正在打牌
2019-11-09 22:26:48 获取用户shakalaka手牌失败
2019-11-09 22:26:48 用户shakalaka手牌为： 2万 3万 7万 7筒
2019-11-09 22:26:48 用户shakalaka杠碰为：
2019-11-09 22:26:52 用户shakalaka打完牌，等待其它用户出牌
2019-11-09 22:27:04 用户shakalaka正在打牌
2019-11-09 22:27:04 获取用户shakalaka手牌失败
2019-11-09 22:27:04 用户shakalaka手牌为： 2万 3万 7万 9条
2019-11-09 22:27:04 用户shakalaka杠碰为：
2019-11-09 22:27:06 用户shakalaka打完牌，等待其它用户出牌
2019-11-09 22:27:20 用户shakalaka正在打牌
2019-11-09 22:27:20 获取用户shakalaka手牌失败
2019-11-09 22:27:20 用户shakalaka手牌为： 2万 3万 7万 4条
2019-11-09 22:27:20 用户shakalaka杠碰为：
2019-11-09 22:27:28 用户shakalaka打完牌，等待其它用户出牌
2019-11-09 22:27:34 用户shakalaka正在打牌
2019-11-09 22:27:34 获取用户shakalaka手牌失败
2019-11-09 22:27:34 用户shakalaka手牌为： 2万 3万 7万 2筒
2019-11-09 22:27:34 用户shakalaka杠碰为：
2019-11-09 22:27:36 用户shakalaka打完牌，等待其它用户出牌
2019-11-09 22:27:37 用户shakalaka正在打牌
2019-11-09 22:27:37 获取用户shakalaka手牌失败
2019-11-09 22:27:37 用户shakalaka手牌为： 2万 3万 3万 7万
2019-11-09 22:27:37 用户shakalaka杠碰为：
2019-11-09 22:27:47 用户shakalaka游戏结束
2019-11-09 22:27:48 用户shakalaka正在匹配房间
2019-11-09 22:27:49 用户shakalaka正在匹配房间
2019-11-09 22:27:50 用户shakalaka正在匹配房间
2019-11-09 22:27:51 用户shakalaka正在匹配房间
2019-11-09 22:27:52 用户shakalaka正在匹配房间
2019-11-09 22:27:53 用户shakalaka正在匹配房间
2019-11-09 22:27:54 用户shakalaka正在匹配房间
2019-11-09 22:27:55 用户shakalaka正在匹配房间
2019-11-09 22:27:56 用户shakalaka正在匹配房间
2019-11-09 22:27:57 用户shakalaka正在匹配房间
2019-11-09 22:27:58 用户shakalaka正在匹配房间
2019-11-09 22:27:59 用户shakalaka正在匹配房间
2019-11-09 22:28:00 用户shakalaka正在匹配房间
2019-11-09 22:28:01 用户shakalaka正在匹配房间
2019-11-09 22:28:02 用户shakalaka正在匹配房间
2019-11-09 22:28:03 用户shakalaka正在匹配房间
2019-11-09 22:28:04 用户shakalaka正在匹配房间
2019-11-09 22:28:05 用户shakalaka正在匹配房间
2019-11-09 22:28:06 用户shakalaka正在匹配房间
2019-11-09 22:28:07 用户shakalaka正在匹配房间
2019-11-09 22:28:08 用户shakalaka正在匹配房间
2019-11-09 22:28:09 用户shakalaka正在匹配房间
2019-11-09 22:28:10 用户shakalaka正在匹配房间
2019-11-09 22:28:11 用户shakalaka正在匹配房间
2019-11-09 22:28:12 用户shakalaka正在匹配房间
2019-11-09 22:28:13 用户shakalaka正在匹配房间
2019-11-09 22:28:14 用户shakalaka正在匹配房间
2019-11-09 22:28:15 用户shakalaka匹配到房间，游戏开始
2019-11-09 22:28:15 获取用户shakalaka方位成功
2019-11-09 22:28:22 用户shakalaka正在打牌
2019-11-09 22:28:22 获取用户shakalaka手牌失败
2019-11-09 22:28:22 用户shakalaka手牌为： 1万 2万 4万 8万 二条 5条 1筒 2筒 5筒 6筒 7筒 8筒
2019-11-09 22:28:22 用户shakalaka杠碰为：
2019-11-09 22:28:26 用户shakalaka打完牌，等待其它用户出牌
2019-11-09 22:28:33 用户shakalaka正在打牌
2019-11-09 22:28:33 获取用户shakalaka手牌失败
2019-11-09 22:28:33 用户shakalaka手牌为： 1万 2万 4万 8万 二条 5条 1筒 2筒 5筒 6筒 7筒 8筒
2019-11-09 22:28:33 用户shakalaka杠碰为：
2019-11-09 22:28:37 用户shakalaka打完牌，等待其它用户出牌
2019-11-09 22:28:43 用户shakalaka正在打牌
2019-11-09 22:28:43 获取用户shakalaka手牌失败
2019-11-09 22:28:43 用户shakalaka手牌为： 1万 2万 4万 8万 5条 1筒 2筒 5筒 6筒 7筒 8筒 东
2019-11-09 22:28:43 用户shakalaka杠碰为：
2019-11-09 22:28:47 用户shakalaka打完牌，等待其它用户出牌
2019-11-09 22:28:58 用户shakalaka正在打牌
2019-11-09 22:28:58 获取用户shakalaka手牌失败
2019-11-09 22:28:58 用户shakalaka手牌为： 1万 2万 4万 8万 5条 1筒 2筒 5筒 6筒 7筒 8筒 9筒
2019-11-09 22:28:58 用户shakalaka杠碰为：
2019-11-09 22:29:06 用户shakalaka打完牌，等待其它用户出牌
2019-11-09 22:29:17 用户shakalaka正在打牌
2019-11-09 22:29:17 获取用户shakalaka手牌失败
2019-11-09 22:29:17 用户shakalaka手牌为： 1万 2万 4万 8万 1筒 2筒 5筒 6筒 7筒 8筒 9筒 9筒
2019-11-09 22:29:17 用户shakalaka杠碰为：
2019-11-09 22:29:21 用户shakalaka打完牌，等待其它用户出牌
2019-11-09 22:29:35 用户shakalaka游戏结束
2019-11-09 22:29:36 用户shakalaka正在匹配房间
2019-11-09 22:29:37 用户shakalaka正在匹配房间
2019-11-09 22:29:38 用户shakalaka正在匹配房间
2019-11-09 22:29:39 用户shakalaka正在匹配房间
2019-11-09 22:29:40 用户shakalaka正在匹配房间
2019-11-09 22:29:41 用户shakalaka正在匹配房间
2019-11-09 22:29:42 用户shakalaka正在匹配房间
2019-11-09 22:29:43 用户shakalaka正在匹配房间
2019-11-09 22:29:44 用户shakalaka正在匹配房间
2019-11-09 22:29:45 用户shakalaka正在匹配房间
2019-11-09 22:29:46 用户shakalaka正在匹配房间
2019-11-09 22:29:47 用户shakalaka正在匹配房间
2019-11-09 22:29:48 用户shakalaka正在匹配房间
2019-11-09 22:29:49 用户shakalaka正在匹配房间
2019-11-09 22:29:50 用户shakalaka正在匹配房间
2019-11-09 22:29:51 用户shakalaka正在匹配房间
2019-11-09 22:29:52 用户shakalaka正在匹配房间
2019-11-09 22:29:53 用户shakalaka正在匹配房间
2019-11-09 22:29:54 用户shakalaka正在匹配房间
2019-11-09 22:29:55 用户shakalaka正在匹配房间
2019-11-09 22:29:56 用户shakalaka正在匹配房间
2019-11-09 22:29:57 用户shakalaka正在匹配房间
2019-11-09 22:29:58 用户shakalaka正在匹配房间
2019-11-09 22:29:59 用户shakalaka正在匹配房间
2019-11-09 22:30:00 用户shakalaka正在匹配房间
2019-11-09 22:30:01 用户shakalaka匹配到房间，游戏开始
2019-11-09 22:30:01 获取用户shakalaka方位成功
2019-11-09 22:30:20 用户shakalaka正在打牌
2019-11-09 22:30:20 获取用户shakalaka手牌失败
2019-11-09 22:30:20 用户shakalaka手牌为： 1万 1万 2万 3万 9万 4条 5条 9条 1筒 5筒 南
2019-11-09 22:30:20 用户shakalaka杠碰为：
2019-11-09 22:30:21 用户shakalaka打完牌，等待其它用户出牌
2019-11-09 22:30:27 用户shakalaka正在打牌
2019-11-09 22:30:27 获取用户shakalaka手牌失败
2019-11-09 22:30:27 用户shakalaka手牌为： 1万 1万 2万 3万 9万 4条 5条 9条 1筒 5筒 南
2019-11-09 22:30:27 用户shakalaka杠碰为：
2019-11-09 22:30:28 用户shakalaka打完牌，等待其它用户出牌
2019-11-09 22:30:35 用户shakalaka正在打牌
2019-11-09 22:30:35 获取用户shakalaka手牌失败
2019-11-09 22:30:35 用户shakalaka手牌为： 1万 1万 2万 3万 9万 4条 5条 6条 9条 1筒 5筒 南
2019-11-09 22:30:35 用户shakalaka杠碰为：
2019-11-09 22:30:40 用户shakalaka打完牌，等待其它用户出牌
2019-11-09 22:30:52 用户shakalaka正在打牌
2019-11-09 22:30:52 获取用户shakalaka手牌失败
2019-11-09 22:30:52 用户shakalaka手牌为： 1万 1万 2万 3万 9万 3条 4条 5条 6条 9条 1筒 5筒 5筒
2019-11-09 22:30:52 用户shakalaka杠碰为：
2019-11-09 22:30:55 用户shakalaka打完牌，等待其它用户出牌
2019-11-09 22:31:13 用户shakalaka正在打牌
2019-11-09 22:31:13 获取用户shakalaka手牌失败
2019-11-09 22:31:13 用户shakalaka手牌为： 1万 1万 2万 3万 9万 3条 4条 5条 6条 9条 3筒 5筒 5筒
2019-11-09 22:31:13 用户shakalaka杠碰为：
2019-11-09 22:31:21 用户shakalaka打完牌，等待其它用户出牌
2019-11-09 22:31:25 用户shakalaka正在打牌
2019-11-09 22:31:25 获取用户shakalaka手牌失败
2019-11-09 22:31:25 用户shakalaka手牌为： 1万 1万 2万 3万 9万 幺鸡 3条 4条 5条 6条 3筒 5筒 5筒
2019-11-09 22:31:25 用户shakalaka杠碰为：
2019-11-09 22:31:32 用户shakalaka打完牌，等待其它用户出牌
2019-11-09 22:31:39 用户shakalaka正在打牌
2019-11-09 22:31:39 获取用户shakalaka手牌失败
2019-11-09 22:31:39 用户shakalaka手牌为： 1万 1万 2万 3万 9万 3条 4条 5条 6条 3筒 5筒 5筒
2019-11-09 22:31:39 用户shakalaka杠碰为：
2019-11-09 22:31:43 用户shakalaka打完牌，等待其它用户出牌
2019-11-09 22:31:53 用户shakalaka正在打牌
2019-11-09 22:31:53 获取用户shakalaka手牌失败
2019-11-09 22:31:53 用户shakalaka手牌为： 1万 1万 2万 3万 3条 4条 5条 6条 9条 3筒 5筒 5筒
2019-11-09 22:31:53 用户shakalaka杠碰为：
2019-11-09 22:31:55 用户shakalaka打完牌，等待其它用户出牌
2019-11-09 22:32:03 用户shakalaka正在打牌
2019-11-09 22:32:03 获取用户shakalaka手牌失败
2019-11-09 22:32:03 用户shakalaka手牌为： 1万 1万 2万 3万 3条 4条 5条 6条 3筒 5筒 5筒
2019-11-09 22:32:03 用户shakalaka杠碰为：
2019-11-09 22:32:04 用户shakalaka打完牌，等待其它用户出牌
2019-11-09 22:32:14 用户shakalaka正在打牌
2019-11-09 22:32:14 获取用户shakalaka手牌失败
2019-11-09 22:32:14 用户shakalaka手牌为： 1万 1万 2万 3万 3条 4条 5条 6条 3筒 5筒 5筒 东
2019-11-09 22:32:14 用户shakalaka杠碰为：
2019-11-09 22:32:17 用户shakalaka打完牌，等待其它用户出牌
2019-11-09 22:32:28 用户shakalaka正在打牌
2019-11-09 22:32:28 获取用户shakalaka手牌失败
2019-11-09 22:32:28 用户shakalaka手牌为： 1万 1万 2万 3万 3条 4条 5条 6条 3筒 5筒 5筒 6筒
2019-11-09 22:32:28 用户shakalaka杠碰为：
2019-11-09 22:32:34 用户shakalaka游戏结束
2019-11-09 22:32:35 用户shakalaka正在匹配房间
2019-11-09 22:32:36 用户shakalaka正在匹配房间
2019-11-09 22:32:37 用户shakalaka正在匹配房间
2019-11-09 22:32:38 用户shakalaka正在匹配房间
2019-11-09 22:32:39 用户shakalaka正在匹配房间
2019-11-09 22:32:40 用户shakalaka正在匹配房间
2019-11-09 22:32:41 用户shakalaka正在匹配房间
2019-11-09 22:32:42 用户shakalaka正在匹配房间
2019-11-09 22:32:43 用户shakalaka正在匹配房间
2019-11-09 22:32:44 用户shakalaka正在匹配房间
2019-11-09 22:32:45 用户shakalaka正在匹配房间
2019-11-09 22:32:46 用户shakalaka正在匹配房间
2019-11-09 22:32:47 用户shakalaka正在匹配房间
2019-11-09 22:32:48 用户shakalaka正在匹配房间
2019-11-09 22:32:49 用户shakalaka正在匹配房间
2019-11-09 22:32:50 用户shakalaka正在匹配房间
2019-11-09 22:32:51 用户shakalaka正在匹配房间
2019-11-09 22:32:52 用户shakalaka正在匹配房间
2019-11-09 22:32:53 用户shakalaka正在匹配房间
2019-11-09 22:32:54 用户shakalaka正在匹配房间
2019-11-09 22:32:55 用户shakalaka正在匹配房间
2019-11-09 22:32:56 用户shakalaka正在匹配房间
2019-11-09 22:32:57 用户shakalaka正在匹配房间
2019-11-09 22:32:58 用户shakalaka匹配到房间，游戏开始
2019-11-09 22:32:58 获取用户shakalaka方位成功
2019-11-09 22:33:01 用户shakalaka正在打牌
2019-11-09 22:33:01 获取用户shakalaka手牌失败
2019-11-09 22:33:01 用户shakalaka手牌为： 2万 9万 9万 幺鸡 二条 1筒 8筒 9筒 9筒 东 东 南
2019-11-09 22:33:01 用户shakalaka杠碰为：
2019-11-09 22:33:12 用户shakalaka打完牌，等待其它用户出牌
2019-11-09 22:33:19 用户shakalaka正在打牌
2019-11-09 22:33:19 获取用户shakalaka手牌失败
2019-11-09 22:33:19 用户shakalaka手牌为： 2万 9万 9万 幺鸡 二条 1筒 8筒 9筒 9筒 东 东 中
2019-11-09 22:33:19 用户shakalaka杠碰为：
2019-11-09 22:33:23 用户shakalaka打完牌，等待其它用户出牌
2019-11-09 22:33:32 用户shakalaka正在打牌
2019-11-09 22:33:32 获取用户shakalaka手牌失败
2019-11-09 22:33:32 用户shakalaka手牌为： 2万 9万 9万 二条 1筒 8筒 东 东 中
2019-11-09 22:33:32 用户shakalaka杠碰为：
2019-11-09 22:33:34 用户shakalaka打完牌，等待其它用户出牌
2019-11-09 22:33:44 用户shakalaka正在打牌
2019-11-09 22:33:44 获取用户shakalaka手牌失败
2019-11-09 22:33:44 用户shakalaka手牌为： 9万 9万 1筒 8筒 中
2019-11-09 22:33:44 用户shakalaka杠碰为：
2019-11-09 22:33:48 用户shakalaka打完牌，等待其它用户出牌
2019-11-09 22:33:59 用户shakalaka正在打牌
2019-11-09 22:33:59 获取用户shakalaka手牌失败
2019-11-09 22:33:59 用户shakalaka手牌为： 1筒 8筒 中
2019-11-09 22:33:59 用户shakalaka杠碰为：
2019-11-09 22:34:02 用户shakalaka打完牌，等待其它用户出牌
2019-11-09 22:34:03 用户shakalaka正在打牌
2019-11-09 22:34:03 获取用户shakalaka手牌失败
2019-11-09 22:34:03 用户shakalaka手牌为： 1筒 8筒 中
2019-11-09 22:34:03 用户shakalaka杠碰为：
2019-11-09 22:34:04 用户shakalaka打完牌，等待其它用户出牌
2019-11-09 22:34:15 用户shakalaka正在打牌
2019-11-09 22:34:15 获取用户shakalaka手牌失败
2019-11-09 22:34:15 用户shakalaka手牌为： 8条 1筒 8筒 中
2019-11-09 22:34:15 用户shakalaka杠碰为：
2019-11-09 22:34:17 用户shakalaka打完牌，等待其它用户出牌
2019-11-09 22:34:27 用户shakalaka正在打牌
2019-11-09 22:34:27 获取用户shakalaka手牌失败
2019-11-09 22:34:27 用户shakalaka手牌为： 5条 1筒 8筒 中
2019-11-09 22:34:27 用户shakalaka杠碰为：
2019-11-09 22:34:32 用户shakalaka打完牌，等待其它用户出牌
2019-11-09 22:34:45 用户shakalaka正在打牌
2019-11-09 22:34:45 获取用户shakalaka手牌失败
2019-11-09 22:34:45 用户shakalaka手牌为： 1筒 8筒 中
2019-11-09 22:34:45 用户shakalaka杠碰为：
2019-11-09 22:34:46 用户shakalaka打完牌，等待其它用户出牌
2019-11-09 22:34:55 用户shakalaka正在打牌
2019-11-09 22:34:55 获取用户shakalaka手牌失败
2019-11-09 22:34:55 用户shakalaka手牌为： 1筒 8筒 8筒 中
2019-11-09 22:34:55 用户shakalaka杠碰为：
2019-11-09 22:34:58 用户shakalaka打完牌，等待其它用户出牌
2019-11-09 22:35:07 用户shakalaka正在打牌
2019-11-09 22:35:07 获取用户shakalaka手牌失败
2019-11-09 22:35:07 用户shakalaka手牌为： 1万 1筒 8筒 8筒
2019-11-09 22:35:07 用户shakalaka杠碰为：
2019-11-09 22:35:12 用户shakalaka打完牌，等待其它用户出牌
2019-11-09 22:35:17 用户shakalaka游戏结束
2019-11-09 22:35:18 用户shakalaka正在匹配房间
2019-11-09 22:35:19 用户shakalaka正在匹配房间
2019-11-09 22:35:20 用户shakalaka正在匹配房间
2019-11-09 22:35:21 用户shakalaka正在匹配房间
2019-11-09 22:35:22 用户shakalaka正在匹配房间
2019-11-09 22:35:23 用户shakalaka正在匹配房间
2019-11-09 22:35:24 用户shakalaka正在匹配房间
2019-11-09 22:35:25 用户shakalaka正在匹配房间
2019-11-09 22:35:26 用户shakalaka正在匹配房间
2019-11-09 22:35:27 用户shakalaka正在匹配房间
2019-11-09 22:35:28 用户shakalaka正在匹配房间
2019-11-09 22:35:29 用户shakalaka正在匹配房间
2019-11-09 22:35:30 用户shakalaka正在匹配房间
2019-11-09 22:35:31 用户shakalaka正在匹配房间
2019-11-09 22:35:32 用户shakalaka正在匹配房间
2019-11-09 22:35:33 用户shakalaka正在匹配房间
2019-11-09 22:35:34 用户shakalaka正在匹配房间
2019-11-09 22:35:35 用户shakalaka正在匹配房间
2019-11-09 22:35:36 用户shakalaka正在匹配房间
2019-11-09 22:35:37 用户shakalaka正在匹配房间
2019-11-09 22:35:38 用户shakalaka正在匹配房间
2019-11-09 22:35:39 用户shakalaka正在匹配房间
2019-11-09 22:35:40 用户shakalaka正在匹配房间
2019-11-09 22:35:41 用户shakalaka正在匹配房间
2019-11-09 22:35:42 用户shakalaka正在匹配房间
2019-11-09 22:35:43 用户shakalaka正在匹配房间
2019-11-09 22:35:44 用户shakalaka正在匹配房间
2019-11-09 22:35:45 用户shakalaka正在匹配房间
2019-11-09 22:35:46 用户shakalaka正在匹配房间
2019-11-09 22:35:47 用户shakalaka正在匹配房间
2019-11-09 22:35:48 用户shakalaka正在匹配房间
2019-11-09 22:35:49 用户shakalaka正在匹配房间
2019-11-09 22:35:50 用户shakalaka正在匹配房间
2019-11-09 22:35:51 用户shakalaka正在匹配房间
2019-11-09 22:35:52 用户shakalaka正在匹配房间
2019-11-09 22:35:53 用户shakalaka正在匹配房间
2019-11-09 22:35:54 用户shakalaka正在匹配房间
2019-11-09 22:35:55 用户shakalaka正在匹配房间
2019-11-09 22:35:56 用户shakalaka正在匹配房间
2019-11-09 22:35:57 用户shakalaka正在匹配房间
2019-11-09 22:35:58 用户shakalaka正在匹配房间
2019-11-09 22:35:59 用户shakalaka正在匹配房间
2019-11-09 22:36:00 用户shakalaka正在匹配房间
2019-11-09 22:36:01 用户shakalaka正在匹配房间
2019-11-09 22:36:02 用户shakalaka正在匹配房间
2019-11-09 22:36:03 用户shakalaka正在匹配房间
2019-11-09 22:36:04 用户shakalaka正在匹配房间
2019-11-09 22:36:05 用户shakalaka正在匹配房间
2019-11-09 22:36:06 用户shakalaka正在匹配房间
2019-11-09 22:36:07 用户shakalaka正在匹配房间
2019-11-09 22:36:08 用户shakalaka正在匹配房间
2019-11-09 22:36:09 用户shakalaka正在匹配房间
2019-11-09 22:36:10 用户shakalaka正在匹配房间
2019-11-09 22:36:11 用户shakalaka正在匹配房间
2019-11-09 22:36:12 用户shakalaka正在匹配房间
2019-11-09 22:36:13 用户shakalaka正在匹配房间
2019-11-09 22:36:14 用户shakalaka正在匹配房间
2019-11-09 22:36:15 用户shakalaka正在匹配房间
2019-11-09 22:36:16 用户shakalaka正在匹配房间
2019-11-09 22:36:17 用户shakalaka匹配到房间，游戏开始
2019-11-09 22:36:17 获取用户shakalaka方位成功
2019-11-09 22:36:17 用户shakalaka正在打牌
2019-11-09 22:36:17 获取用户shakalaka手牌失败
2019-11-09 22:36:17 用户shakalaka手牌为：
2019-11-09 22:36:17 用户shakalaka杠碰为：
2019-11-09 22:37:05 用户shakalaka打完牌，等待其它用户出牌
2019-11-09 22:37:08 用户shakalaka正在打牌
2019-11-09 22:37:08 获取用户shakalaka手牌失败
2019-11-09 22:37:08 用户shakalaka手牌为：
2019-11-09 22:37:08 用户shakalaka杠碰为：
2019-11-09 23:32:57 排序窗口
2019-11-09 23:32:57 排序窗口完成，开始识别窗口
2019-11-09 23:32:58 识别启动，开始查找目标窗口
2019-11-09 23:32:58 识别窗口成功，找到1个目标窗口
2019-11-09 23:32:58 开始识别第1个用户
2019-11-09 23:32:58 找到用户shakalaka
2019-11-09 23:33:17 用户shakalaka正在匹配房间
2019-11-09 23:33:18 用户shakalaka正在匹配房间
2019-11-09 23:33:19 用户shakalaka正在匹配房间
2019-11-09 23:33:20 用户shakalaka正在匹配房间
2019-11-09 23:33:21 用户shakalaka正在匹配房间
2019-11-09 23:33:22 用户shakalaka正在匹配房间
2019-11-09 23:33:23 用户shakalaka正在匹配房间
2019-11-09 23:34:02 排序窗口
2019-11-09 23:34:02 排序窗口完成，开始识别窗口
2019-11-09 23:34:03 识别启动，开始查找目标窗口
2019-11-09 23:34:03 识别窗口成功，找到1个目标窗口
2019-11-09 23:34:03 开始识别第1个用户
2019-11-09 23:34:03 找到用户shakalaka
2019-11-09 23:36:22 用户shakalaka正在匹配房间
2019-11-09 23:36:23 用户shakalaka正在匹配房间
2019-11-09 23:36:24 用户shakalaka匹配到房间，游戏开始
2019-11-09 23:36:25 获取用户shakalaka方位成功
2019-11-09 23:36:25 用户shakalaka正在打牌
2019-11-09 23:36:25 获取用户shakalaka手牌失败
2019-11-09 23:36:25 用户shakalaka手牌为： 1万 2万 4万 8万 二条 5条 1筒 2筒 5筒 6筒 7筒 8筒
2019-11-09 23:36:25 用户shakalaka杠碰为：
2019-11-09 23:36:27 用户shakalaka打完牌，等待其它用户出牌
2019-11-09 23:36:31 用户shakalaka正在打牌
2019-11-09 23:36:32 获取用户shakalaka手牌失败
2019-11-09 23:36:32 用户shakalaka手牌为： 1万 2万 4万 8万 二条 5条 1筒 2筒 5筒 6筒 7筒 8筒
2019-11-09 23:36:32 用户shakalaka杠碰为：
2019-11-09 23:37:15 用户shakalaka打完牌，等待其它用户出牌
2019-11-09 23:37:33 用户shakalaka正在打牌
2019-11-09 23:37:34 获取用户shakalaka手牌失败
2019-11-09 23:37:34 用户shakalaka手牌为： 1万 2万 4万 8万 二条 5条 1筒 2筒 5筒 6筒 7筒 8筒
2019-11-09 23:37:34 用户shakalaka杠碰为：
2019-11-09 23:37:58 用户shakalaka打完牌，等待其它用户出牌
2019-11-09 23:37:59 用户shakalaka正在打牌
2019-11-09 23:38:00 获取用户shakalaka手牌失败
2019-11-09 23:38:00 用户shakalaka手牌为： 1万 2万 4万 8万 二条 5条 1筒 2筒 6筒 7筒
2019-11-09 23:38:00 用户shakalaka杠碰为：
2019-11-09 23:38:02 用户shakalaka打完牌，等待其它用户出牌
2019-11-09 23:38:03 用户shakalaka正在打牌
2019-11-09 23:38:04 获取用户shakalaka手牌失败
2019-11-09 23:38:04 用户shakalaka手牌为： 1万 2万 4万 8万 二条 5条 1筒 2筒 5筒 6筒 7筒 8筒
2019-11-09 23:38:04 用户shakalaka杠碰为：
2019-11-09 23:38:07 用户shakalaka打完牌，等待其它用户出牌
2019-11-09 23:38:08 用户shakalaka正在打牌
2019-11-09 23:38:09 获取用户shakalaka手牌失败
2019-11-09 23:38:09 用户shakalaka手牌为： 1万 2万 4万 8万 二条 5条 1筒 2筒 6筒 7筒
2019-11-09 23:38:09 用户shakalaka杠碰为：
2019-11-09 23:38:48 用户shakalaka打完牌，等待其它用户出牌
2019-11-09 23:38:49 用户shakalaka正在打牌
2019-11-09 23:38:50 获取用户shakalaka手牌失败
2019-11-09 23:38:50 用户shakalaka手牌为： 1万 2万 4万 8万 二条 5条 1筒 2筒 6筒 7筒
2019-11-09 23:38:50 用户shakalaka杠碰为：
2019-11-09 23:38:56 用户shakalaka打完牌，等待其它用户出牌
2019-11-09 23:48:06 排序窗口
2019-11-09 23:48:06 排序窗口完成，开始识别窗口
2019-11-09 23:48:06 识别启动，开始查找目标窗口
2019-11-09 23:48:06 识别窗口失败，没有找到目标窗口，请确认游戏窗口是否启动，并停留在开始界面
2019-11-09 23:48:10 排序窗口
2019-11-09 23:48:10 排序窗口完成，开始识别窗口
2019-11-09 23:48:10 识别启动，开始查找目标窗口
2019-11-09 23:48:10 识别窗口成功，找到1个目标窗口
2019-11-09 23:48:10 开始识别第1个用户
2019-11-09 23:48:10 找到用户shakalaka
2019-11-09 23:48:14 用户shakalaka正在匹配房间
2019-11-09 23:48:15 用户shakalaka正在匹配房间
2019-11-09 23:48:16 用户shakalaka正在匹配房间
2019-11-09 23:48:17 用户shakalaka匹配到房间，游戏开始
2019-11-09 23:48:17 获取用户shakalaka方位成功
2019-11-09 23:48:19 用户shakalaka正在打牌
2019-11-09 23:48:19 获取用户shakalaka手牌失败
2019-11-09 23:48:19 用户shakalaka手牌为： 1万 2万 4万 8万 二条 5条 1筒 2筒 4筒 6筒 7筒 8筒
2019-11-09 23:48:19 用户shakalaka杠碰为：
2019-11-09 23:49:16 用户shakalaka打完牌，等待其它用户出牌
2019-11-09 23:49:25 用户shakalaka正在打牌
2019-11-09 23:49:26 获取用户shakalaka手牌失败
2019-11-09 23:49:26 用户shakalaka手牌为： 1万 2万 4万 8万 二条 5条 1筒 2筒 4筒 5筒 6筒 7筒 8筒
2019-11-09 23:49:26 用户shakalaka杠碰为：
2019-11-09 23:49:34 用户shakalaka打完牌，等待其它用户出牌
2019-11-09 23:49:35 用户shakalaka正在打牌
2019-11-09 23:49:35 获取用户shakalaka手牌失败
2019-11-09 23:49:35 用户shakalaka手牌为： 1万 2万 4万 8万 二条 5条 1筒 2筒 4筒 5筒 6筒 7筒 8筒
2019-11-09 23:49:35 用户shakalaka杠碰为：
2019-11-09 23:49:59 用户shakalaka打完牌，等待其它用户出牌
2019-11-09 23:50:01 用户shakalaka正在打牌
2019-11-09 23:50:01 获取用户shakalaka手牌失败
2019-11-09 23:50:01 用户shakalaka手牌为： 1万 2万 4万 8万 二条 5条 1筒 2筒 4筒 6筒 7筒
2019-11-09 23:50:01 用户shakalaka杠碰为：
2019-11-09 23:50:07 用户shakalaka打完牌，等待其它用户出牌
2019-11-09 23:50:09 用户shakalaka正在打牌
2019-11-09 23:50:09 获取用户shakalaka手牌失败
2019-11-09 23:50:09 用户shakalaka手牌为： 1万 2万 4万 8万 二条 5条 1筒 2筒 4筒 5筒 6筒 7筒 8筒
2019-11-09 23:50:09 用户shakalaka杠碰为：
2019-11-09 23:50:17 用户shakalaka打完牌，等待其它用户出牌
2019-11-09 23:50:22 用户shakalaka正在打牌
2019-11-09 23:50:22 用户shakalaka手牌为： 1万 2万 4万 8万 二条 5条 1筒 2筒 4筒 5筒 6筒 7筒 8筒 白板
2019-11-09 23:50:22 用户shakalaka杠碰为：
2019-11-09 23:51:30 用户shakalaka打完牌，等待其它用户出牌
2019-11-09 23:51:40 用户shakalaka正在打牌
2019-11-09 23:51:40 获取用户shakalaka手牌失败
2019-11-09 23:51:40 用户shakalaka手牌为： 1万 2万 4万 8万 二条 5条 1筒 2筒 4筒 5筒 6筒 7筒 8筒
2019-11-09 23:51:40 用户shakalaka杠碰为：
2019-11-09 23:52:17 用户shakalaka打完牌，等待其它用户出牌
2019-11-09 23:52:22 用户shakalaka正在打牌
2019-11-09 23:52:22 用户shakalaka手牌为： 1万 2万 4万 6万 8万 二条 5条 1筒 2筒 4筒 5筒 6筒 7筒 8筒
2019-11-09 23:52:22 用户shakalaka杠碰为：
2019-11-09 23:52:34 用户shakalaka打完牌，等待其它用户出牌
2019-11-09 23:52:35 用户shakalaka正在打牌
2019-11-09 23:52:35 用户shakalaka手牌为： 1万 2万 4万 6万 8万 二条 5条 1筒 2筒 4筒 5筒 6筒 7筒 8筒
2019-11-09 23:52:35 用户shakalaka杠碰为：
2019-11-09 23:53:41 用户shakalaka打完牌，等待其它用户出牌
2019-11-09 23:53:42 用户shakalaka正在打牌
2019-11-09 23:53:42 用户shakalaka手牌为： 1万 2万 4万 6万 8万 5条 1筒 2筒 4筒 5筒 6筒 7筒 8筒 东
2019-11-09 23:53:42 用户shakalaka杠碰为：
2019-11-09 23:54:04 用户shakalaka打完牌，等待其它用户出牌
2019-11-09 23:54:05 用户shakalaka正在打牌
2019-11-09 23:54:05 用户shakalaka手牌为： 1万 2万 4万 6万 8万 5条 1筒 2筒 4筒 5筒 6筒 7筒 8筒 东
2019-11-09 23:54:05 用户shakalaka杠碰为：
2019-11-09 23:55:02 用户shakalaka打完牌，等待其它用户出牌
2019-11-09 23:59:41 排序窗口
2019-11-09 23:59:41 排序窗口完成，开始识别窗口
2019-11-09 23:59:42 识别启动，开始查找目标窗口
2019-11-09 23:59:42 识别窗口成功，找到1个目标窗口
2019-11-09 23:59:42 开始识别第1个用户
2019-11-09 23:59:42 找到用户shakalaka
2019-11-10 00:01:34 用户shakalaka正在匹配房间
2019-11-10 00:01:35 用户shakalaka正在匹配房间
2019-11-10 00:01:36 用户shakalaka匹配到房间，游戏开始
2019-11-10 00:01:36 获取用户shakalaka方位成功
2019-11-10 00:01:37 用户shakalaka正在打牌
2019-11-10 00:01:37 获取用户shakalaka手牌失败
2019-11-10 00:02:19 排序窗口
2019-11-10 00:02:19 排序窗口完成，开始识别窗口
2019-11-10 00:02:20 识别启动，开始查找目标窗口
2019-11-10 00:02:20 识别窗口失败，没有找到目标窗口，请确认游戏窗口是否启动，并停留在开始界面
2019-11-10 00:02:22 排序窗口
2019-11-10 00:02:22 排序窗口完成，开始识别窗口
2019-11-10 00:02:22 识别启动，开始查找目标窗口
2019-11-10 00:02:22 识别窗口成功，找到1个目标窗口
2019-11-10 00:02:22 开始识别第1个用户
2019-11-10 00:02:22 找到用户shakalaka
2019-11-10 00:02:26 用户shakalaka正在匹配房间
2019-11-10 00:02:27 用户shakalaka正在匹配房间
2019-11-10 00:02:28 用户shakalaka匹配到房间，游戏开始
2019-11-10 00:02:28 获取用户shakalaka方位成功
2019-11-10 00:02:29 用户shakalaka正在打牌
2019-11-10 00:02:29 获取用户shakalaka手牌失败
2019-11-10 00:03:41 排序窗口
2019-11-10 00:03:41 排序窗口完成，开始识别窗口
2019-11-10 00:03:41 识别启动，开始查找目标窗口
2019-11-10 00:03:41 识别窗口成功，找到1个目标窗口
2019-11-10 00:03:41 开始识别第1个用户
2019-11-10 00:03:41 找到用户shakalaka
2019-11-10 00:03:44 用户shakalaka正在匹配房间
2019-11-10 00:03:45 用户shakalaka正在匹配房间
2019-11-10 00:03:46 用户shakalaka匹配到房间，游戏开始
2019-11-10 00:03:46 获取用户shakalaka方位成功
2019-11-10 00:03:47 用户shakalaka正在打牌
2019-11-10 00:03:47 获取用户shakalaka手牌失败
2019-11-10 00:03:47 用户shakalaka手牌为： 2万 3万 6万 7万 3条 8条
2019-11-10 00:03:47 用户shakalaka杠碰为： 1万 1万 1万 1万 2筒 2筒 2筒
2019-11-10 00:04:46 用户shakalaka打完牌，等待其它用户出牌
2019-11-10 00:04:54 用户shakalaka正在打牌
2019-11-10 00:04:54 获取用户shakalaka手牌失败
2019-11-10 00:04:54 用户shakalaka手牌为： 2万 3万 6万 7万 6筒
2019-11-10 00:04:54 用户shakalaka杠碰为： 1万 1万 1万 1万 5万 5万 5万 2筒 2筒 2筒
2019-11-10 00:05:12 用户shakalaka打完牌，等待其它用户出牌
2019-11-10 00:05:13 用户shakalaka正在打牌
2019-11-10 00:05:13 获取用户shakalaka手牌失败
2019-11-10 00:05:13 用户shakalaka手牌为： 2万 3万 6万 7万 6筒
2019-11-10 00:05:13 用户shakalaka杠碰为： 1万 1万 1万 1万 5万 5万 5万 2筒 2筒 2筒
2019-11-10 00:07:00 用户shakalaka打完牌，等待其它用户出牌
2019-11-10 00:19:51 排序窗口
2019-11-10 00:19:51 排序窗口完成，开始识别窗口
2019-11-10 00:19:51 识别启动，开始查找目标窗口
2019-11-10 00:19:51 识别窗口成功，找到1个目标窗口
2019-11-10 00:19:51 开始识别第1个用户
2019-11-10 00:19:51 找到用户shakalaka
2019-11-10 00:19:53 用户shakalaka正在匹配房间
2019-11-10 00:19:54 用户shakalaka正在匹配房间
2019-11-10 00:19:55 用户shakalaka正在匹配房间
2019-11-10 00:19:56 用户shakalaka匹配到房间，游戏开始
2019-11-10 00:19:56 获取用户shakalaka方位成功
2019-11-10 00:19:57 用户shakalaka正在打牌
2019-11-10 00:19:57 用户shakalaka手牌为： 2万 3万 6万 7万 6筒
2019-11-10 00:19:57 用户shakalaka杠碰为： 1万 1万 1万 1万 5万 5万 5万 2筒 2筒 2筒
2019-11-10 00:20:08 用户shakalaka打完牌，等待其它用户出牌
2019-11-10 00:20:14 用户shakalaka正在打牌
2019-11-10 00:20:14 用户shakalaka手牌为： 2万 3万 6万 7万 7筒
2019-11-10 00:20:14 用户shakalaka杠碰为： 1万 1万 1万 1万 5万 5万 5万 2筒 2筒 2筒
2019-11-10 00:20:27 用户shakalaka打完牌，等待其它用户出牌
2019-11-10 00:20:31 用户shakalaka正在打牌
2019-11-10 00:20:31 用户shakalaka手牌为： 2万 3万 6万 7万 9条
2019-11-10 00:20:31 用户shakalaka杠碰为： 1万 1万 1万 1万 5万 5万 5万 2筒 2筒 2筒
2019-11-10 00:20:41 用户shakalaka打完牌，等待其它用户出牌
2019-11-10 00:20:43 用户shakalaka正在打牌
2019-11-10 00:20:43 用户shakalaka手牌为： 2万 3万 6万 7万 4条
2019-11-10 00:20:43 用户shakalaka杠碰为： 1万 1万 1万 1万 5万 5万 5万 2筒 2筒 2筒
2019-11-10 00:20:54 用户shakalaka打完牌，等待其它用户出牌
2019-11-10 00:20:56 用户shakalaka正在打牌
2019-11-10 00:20:56 用户shakalaka手牌为： 2万 3万 6万 7万 2筒
2019-11-10 00:20:56 用户shakalaka杠碰为： 1万 1万 1万 1万 5万 5万 5万 2筒 2筒 2筒
2019-11-10 00:21:24 用户shakalaka打完牌，等待其它用户出牌
2019-11-10 00:21:27 用户shakalaka正在打牌
2019-11-10 00:21:27 用户shakalaka手牌为： 2万 3万 3万 6万 7万
2019-11-10 00:21:27 用户shakalaka杠碰为： 1万 1万 1万 1万 5万 5万 5万 2筒 2筒 2筒
2019-11-10 00:28:05 用户shakalaka打完牌，等待其它用户出牌
2019-11-10 00:39:07 排序窗口
2019-11-10 00:39:07 排序窗口完成，开始识别窗口
2019-11-10 00:39:07 识别启动，开始查找目标窗口
2019-11-10 00:39:07 识别窗口失败，没有找到目标窗口，请确认游戏窗口是否启动，并停留在开始界面
2019-11-10 00:39:11 排序窗口
2019-11-10 00:39:11 排序窗口完成，开始识别窗口
2019-11-10 00:39:11 识别启动，开始查找目标窗口
2019-11-10 00:39:11 识别窗口成功，找到1个目标窗口
2019-11-10 00:39:11 开始识别第1个用户
2019-11-10 00:39:11 找到用户shakalaka
2019-11-10 00:39:13 用户shakalaka正在匹配房间
2019-11-10 00:39:14 用户shakalaka正在匹配房间
2019-11-10 00:39:16 用户shakalaka匹配到房间，游戏开始
2019-11-10 00:39:16 获取用户shakalaka方位成功
2019-11-10 00:39:20 用户shakalaka正在打牌
2019-11-10 00:39:20 用户shakalaka手牌为： 2万 3万 3万 6万 7万
2019-11-10 00:39:20 用户shakalaka杠碰为： 1万 1万 1万 1万 5万 5万 2筒 2筒
2019-11-10 00:39:26 用户shakalaka打完牌，等待其它用户出牌
2019-11-10 00:39:56 排序窗口
2019-11-10 00:39:56 排序窗口完成，开始识别窗口
2019-11-10 00:39:56 识别启动，开始查找目标窗口
2019-11-10 00:39:56 识别窗口成功，找到1个目标窗口
2019-11-10 00:39:56 开始识别第1个用户
2019-11-10 00:39:56 找到用户shakalaka
2019-11-10 00:39:58 用户shakalaka正在匹配房间
2019-11-10 00:39:59 用户shakalaka正在匹配房间
2019-11-10 00:40:00 用户shakalaka正在匹配房间
2019-11-10 00:40:01 用户shakalaka匹配到房间，游戏开始
2019-11-10 00:40:01 获取用户shakalaka方位成功
2019-11-10 00:40:02 用户shakalaka正在打牌
2019-11-10 00:40:02 用户shakalaka手牌为： 2万 3万 3万 6万 7万
2019-11-10 00:40:02 用户shakalaka杠碰为： 1万 1万 1万 1万 5万 5万 2筒 2筒
2019-11-10 00:40:13 用户shakalaka打完牌，等待其它用户出牌
2019-11-10 00:40:15 用户shakalaka正在打牌
2019-11-10 00:40:15 用户shakalaka手牌为： 2万 3万 3万 6万 7万
2019-11-10 00:40:15 用户shakalaka杠碰为： 1万 1万 1万 1万 5万 5万 2筒 2筒
2019-11-10 00:41:17 用户shakalaka打完牌，等待其它用户出牌
2019-11-10 00:41:24 用户shakalaka正在打牌
2019-11-10 00:41:24 用户shakalaka手牌为： 2万 3万 3万 6万 7万
2019-11-10 00:41:24 用户shakalaka杠碰为： 1万 1万 1万 1万 5万 5万 2筒 2筒
2019-11-10 00:41:35 用户shakalaka打完牌，等待其它用户出牌
2019-11-10 00:41:36 用户shakalaka正在打牌
2019-11-10 00:41:36 用户shakalaka手牌为： 2万 3万 3万 6万 7万
2019-11-10 00:41:36 用户shakalaka杠碰为： 1万 1万 1万 1万 5万 5万 2筒 2筒
2019-11-10 00:41:41 用户shakalaka打完牌，等待其它用户出牌
2019-11-10 00:41:44 用户shakalaka正在打牌
2019-11-10 00:41:44 用户shakalaka手牌为： 2万 3万 3万 6万 7万
2019-11-10 00:41:44 用户shakalaka杠碰为： 1万 1万 1万 1万 5万 5万 2筒 2筒
2019-11-10 00:42:19 用户shakalaka打完牌，等待其它用户出牌
2019-11-10 00:42:26 用户shakalaka正在打牌
2019-11-10 00:42:26 用户shakalaka手牌为： 2万 3万 3万 6万 7万
2019-11-10 00:42:26 用户shakalaka杠碰为： 1万 1万 1万 1万 5万 5万 2筒 2筒
2019-11-10 00:42:36 用户shakalaka打完牌，等待其它用户出牌
2019-11-10 00:42:42 排序窗口
2019-11-10 00:42:42 排序窗口完成，开始识别窗口
2019-11-10 00:42:42 识别启动，开始查找目标窗口
2019-11-10 00:42:42 识别窗口成功，找到1个目标窗口
2019-11-10 00:42:42 开始识别第1个用户
2019-11-10 00:42:42 找到用户shakalaka
2019-11-10 00:42:44 用户shakalaka正在匹配房间
2019-11-10 00:42:45 用户shakalaka正在匹配房间
2019-11-10 00:42:46 用户shakalaka正在匹配房间
2019-11-10 00:42:47 用户shakalaka正在匹配房间
2019-11-10 00:42:48 用户shakalaka正在匹配房间
2019-11-10 00:42:49 用户shakalaka正在匹配房间
2019-11-10 00:42:50 用户shakalaka正在匹配房间
2019-11-10 00:42:51 用户shakalaka正在匹配房间
2019-11-10 00:42:52 用户shakalaka正在匹配房间
2019-11-10 00:42:53 用户shakalaka正在匹配房间
2019-11-10 00:42:54 用户shakalaka匹配到房间，游戏开始
2019-11-10 00:42:54 获取用户shakalaka方位成功
2019-11-10 00:42:57 用户shakalaka正在打牌
2019-11-10 00:42:57 用户shakalaka手牌为： 2万 3万 3万 6万 7万
2019-11-10 00:42:57 用户shakalaka杠碰为： 1万 1万 1万 1万 5万 5万 2筒 2筒
2019-11-10 00:43:03 用户shakalaka打完牌，等待其它用户出牌
2019-11-10 00:43:05 用户shakalaka正在打牌
2019-11-10 00:43:05 用户shakalaka手牌为： 2万 3万 3万 6万 7万
2019-11-10 00:43:05 用户shakalaka杠碰为： 1万 1万 1万 1万 5万 5万 2筒 2筒
2019-11-10 00:43:09 用户shakalaka打完牌，等待其它用户出牌
2019-11-10 00:44:46 用户shakalaka正在打牌
2019-11-10 00:44:47 用户shakalaka手牌为： 2万 3万 3万 6万 7万
2019-11-10 00:44:47 用户shakalaka杠碰为： 1万 1万 1万 1万 5万 5万 2筒 2筒
2019-11-10 00:48:45 用户shakalaka打完牌，等待其它用户出牌
2019-11-10 00:49:56 用户shakalaka正在打牌
2019-11-10 00:49:57 用户shakalaka手牌为： 2万 3万 3万 6万 7万
2019-11-10 00:49:57 用户shakalaka杠碰为： 1万 1万 1万 1万 5万 5万 2筒 2筒
2019-11-10 00:50:07 用户shakalaka打完牌，等待其它用户出牌
2019-11-10 00:50:19 用户shakalaka正在打牌
2019-11-10 00:50:19 用户shakalaka手牌为： 2万 3万 3万 6万 7万
2019-11-10 00:50:19 用户shakalaka杠碰为： 1万 1万 1万 1万 5万 5万 2筒 2筒
2019-11-10 00:50:31 用户shakalaka打完牌，等待其它用户出牌
2019-11-10 00:50:39 用户shakalaka正在打牌
2019-11-10 00:50:40 用户shakalaka手牌为： 2万 3万 3万 6万 7万
2019-11-10 00:50:40 用户shakalaka杠碰为： 1万 1万 1万 1万 5万 5万 2筒 2筒
2019-11-10 00:50:51 用户shakalaka打完牌，等待其它用户出牌
2019-11-10 00:51:01 用户shakalaka正在打牌
2019-11-10 00:51:01 用户shakalaka手牌为： 2万 3万 3万 6万 7万
2019-11-10 00:51:01 用户shakalaka杠碰为： 1万 1万 1万 1万 5万 5万 2筒 2筒
2019-11-10 00:52:14 用户shakalaka打完牌，等待其它用户出牌
2019-11-10 00:52:15 用户shakalaka正在打牌
2019-11-10 00:52:16 获取用户shakalaka手牌失败
2019-11-10 00:52:16 用户shakalaka手牌为： 2万 3万 5万 6万 7万 3条 8条
2019-11-10 00:52:16 用户shakalaka杠碰为： 1万 1万 1万 1万 2筒 2筒
2019-11-10 00:52:54 用户shakalaka打完牌，等待其它用户出牌
2019-11-10 00:52:59 用户shakalaka正在打牌
2019-11-10 00:52:59 用户shakalaka手牌为： 2万 3万 5万 5万 6万 7万 3条 8条
2019-11-10 00:52:59 用户shakalaka杠碰为： 1万 1万 1万 1万
2019-11-10 00:53:19 用户shakalaka打完牌，等待其它用户出牌
2019-11-10 00:55:09 排序窗口
2019-11-10 00:55:09 排序窗口完成，开始识别窗口
2019-11-10 00:55:10 识别启动，开始查找目标窗口
2019-11-10 00:55:10 识别窗口成功，找到1个目标窗口
2019-11-10 00:55:10 开始识别第1个用户
2019-11-10 00:55:10 找到用户shakalaka
2019-11-10 00:55:12 用户shakalaka正在匹配房间
2019-11-10 00:55:13 用户shakalaka正在匹配房间
2019-11-10 00:55:14 用户shakalaka匹配到房间，游戏开始
2019-11-10 00:55:14 获取用户shakalaka方位成功
2019-11-10 00:55:16 用户shakalaka正在打牌
2019-11-10 00:55:16 用户shakalaka手牌为： 2万 3万 3万 6万 7万
2019-11-10 00:55:16 用户shakalaka杠碰为： 1万 1万 1万 1万 5万 5万 5万 2筒 2筒 2筒
2019-11-10 00:55:47 用户shakalaka打完牌，等待其它用户出牌
2019-11-10 00:55:54 用户shakalaka正在打牌
2019-11-10 00:55:54 用户shakalaka手牌为： 2万 3万 5万 5万 6万 7万 3条 8条
2019-11-10 00:55:54 用户shakalaka杠碰为： 1万 1万 1万 1万
2019-11-10 00:56:22 用户shakalaka打完牌，等待其它用户出牌
2019-11-10 00:56:29 排序窗口
2019-11-10 00:56:29 排序窗口完成，开始识别窗口
2019-11-10 00:56:29 识别启动，开始查找目标窗口
2019-11-10 00:56:29 识别窗口成功，找到1个目标窗口
2019-11-10 00:56:29 开始识别第1个用户
2019-11-10 00:56:29 找到用户shakalaka
2019-11-10 00:56:31 用户shakalaka正在匹配房间
2019-11-10 00:56:32 用户shakalaka正在匹配房间
2019-11-10 00:56:33 用户shakalaka匹配到房间，游戏开始
2019-11-10 00:56:33 获取用户shakalaka方位成功
2019-11-10 00:56:35 用户shakalaka正在打牌
2019-11-10 00:56:35 获取用户shakalaka手牌失败
2019-11-10 00:56:35 用户shakalaka手牌为： 5万 5万 7万
2019-11-10 00:56:35 用户shakalaka杠碰为： 1万 1万 1万 1万 2筒 2筒 2筒
2019-11-10 00:56:58 用户shakalaka打完牌，等待其它用户出牌
2019-11-10 00:56:59 用户shakalaka正在打牌
2019-11-10 00:56:59 获取用户shakalaka手牌失败
2019-11-10 00:56:59 用户shakalaka手牌为： 7万
2019-11-10 00:56:59 用户shakalaka杠碰为： 1万 1万 1万 1万 5万 5万 5万 2筒 2筒 2筒
2019-11-10 00:57:46 排序窗口
2019-11-10 00:57:46 排序窗口完成，开始识别窗口
2019-11-10 00:57:46 识别启动，开始查找目标窗口
2019-11-10 00:57:47 识别窗口成功，找到1个目标窗口
2019-11-10 00:57:47 开始识别第1个用户
2019-11-10 00:57:47 找到用户shakalaka
2019-11-10 00:57:51 用户shakalaka正在匹配房间
2019-11-10 00:57:52 用户shakalaka正在匹配房间
2019-11-10 00:57:53 用户shakalaka正在匹配房间
2019-11-10 00:57:54 用户shakalaka正在匹配房间
2019-11-10 00:57:55 用户shakalaka匹配到房间，游戏开始
2019-11-10 00:57:55 获取用户shakalaka方位成功
2019-11-10 00:57:58 用户shakalaka正在打牌
2019-11-10 00:57:58 用户shakalaka手牌为： 2万 3万 3万 6万 7万
2019-11-10 00:57:58 用户shakalaka杠碰为： 1万 1万 1万 1万 5万 5万 5万 2筒 2筒 2筒
2019-11-10 00:58:28 用户shakalaka打完牌，等待其它用户出牌
2019-11-10 00:58:43 用户shakalaka正在打牌
2019-11-10 00:58:43 用户shakalaka手牌为： 2万 3万 5万 5万 6万 7万 3条 8条
2019-11-10 00:58:43 用户shakalaka杠碰为： 1万 1万 1万 1万
2019-11-10 00:59:01 用户shakalaka打完牌，等待其它用户出牌
2019-11-10 00:59:06 用户shakalaka正在打牌
2019-11-10 00:59:06 用户shakalaka手牌为： 2万 3万 3万 6万 7万
2019-11-10 00:59:06 用户shakalaka杠碰为： 1万 1万 1万 1万 5万 5万 5万 2筒 2筒 2筒
2019-11-10 00:59:11 用户shakalaka打完牌，等待其它用户出牌
2019-11-10 00:59:18 排序窗口
2019-11-10 00:59:18 排序窗口完成，开始识别窗口
2019-11-10 00:59:18 识别启动，开始查找目标窗口
2019-11-10 00:59:18 识别窗口成功，找到1个目标窗口
2019-11-10 00:59:18 开始识别第1个用户
2019-11-10 00:59:18 找到用户shakalaka
2019-11-10 00:59:20 用户shakalaka正在匹配房间
2019-11-10 00:59:21 用户shakalaka匹配到房间，游戏开始
2019-11-10 00:59:21 获取用户shakalaka方位成功
2019-11-10 00:59:23 用户shakalaka正在打牌
2019-11-10 00:59:23 用户shakalaka手牌为： 2万 3万 3万 6万 7万
2019-11-10 00:59:23 用户shakalaka杠碰为： 1万 1万 1万 1万 5万 5万 5万 2筒 2筒 2筒
2019-11-10 00:59:29 用户shakalaka打完牌，等待其它用户出牌
2019-11-10 00:59:48 排序窗口
2019-11-10 00:59:48 排序窗口完成，开始识别窗口
2019-11-10 00:59:49 识别启动，开始查找目标窗口
2019-11-10 00:59:49 识别窗口成功，找到1个目标窗口
2019-11-10 00:59:49 开始识别第1个用户
2019-11-10 00:59:49 找到用户shakalaka
2019-11-10 00:59:52 用户shakalaka正在匹配房间
2019-11-10 00:59:53 用户shakalaka正在匹配房间
2019-11-10 00:59:54 用户shakalaka正在匹配房间
2019-11-10 00:59:55 用户shakalaka正在匹配房间
2019-11-10 00:59:56 用户shakalaka正在匹配房间
2019-11-10 00:59:57 用户shakalaka正在匹配房间
2019-11-10 00:59:58 用户shakalaka正在匹配房间
2019-11-10 00:59:59 用户shakalaka正在匹配房间
2019-11-10 01:00:00 用户shakalaka正在匹配房间
2019-11-10 01:00:01 用户shakalaka正在匹配房间
2019-11-10 01:00:02 用户shakalaka正在匹配房间
2019-11-10 01:00:03 用户shakalaka正在匹配房间
2019-11-10 01:00:04 用户shakalaka正在匹配房间
2019-11-10 01:00:05 用户shakalaka正在匹配房间
2019-11-10 01:00:06 用户shakalaka正在匹配房间
2019-11-10 01:00:07 用户shakalaka正在匹配房间
2019-11-10 01:00:08 用户shakalaka正在匹配房间
2019-11-10 01:00:09 用户shakalaka正在匹配房间
2019-11-10 01:00:10 用户shakalaka正在匹配房间
2019-11-10 01:00:11 用户shakalaka正在匹配房间
2019-11-10 01:00:12 用户shakalaka正在匹配房间
2019-11-10 01:00:13 用户shakalaka正在匹配房间
2019-11-10 01:00:14 用户shakalaka正在匹配房间
2019-11-10 01:00:15 用户shakalaka正在匹配房间
2019-11-10 01:00:16 用户shakalaka正在匹配房间
2019-11-10 01:00:17 用户shakalaka正在匹配房间
2019-11-10 01:00:18 用户shakalaka正在匹配房间
2019-11-10 01:00:19 用户shakalaka正在匹配房间
2019-11-10 01:00:20 用户shakalaka匹配到房间，游戏开始
2019-11-10 01:00:20 获取用户shakalaka方位成功
2019-11-10 01:00:23 用户shakalaka正在打牌
2019-11-10 01:03:24 排序窗口
2019-11-10 01:03:24 排序窗口完成，开始识别窗口
2019-11-10 01:03:24 识别启动，开始查找目标窗口
2019-11-10 01:03:25 识别窗口成功，找到1个目标窗口
2019-11-10 01:03:25 开始识别第1个用户
2019-11-10 01:03:25 找到用户shakalaka
2019-11-10 01:03:26 用户shakalaka正在匹配房间
2019-11-10 01:03:27 用户shakalaka正在匹配房间
2019-11-10 01:03:28 用户shakalaka匹配到房间，游戏开始
2019-11-10 01:03:29 获取用户shakalaka方位成功
2019-11-10 01:03:29 用户shakalaka正在打牌
2019-11-10 01:03:30 用户shakalaka手牌为： 2万 3万 3万 6万 7万
2019-11-10 01:03:30 用户shakalaka杠碰为： 1万 1万 1万 1万 5万 5万 5万 2筒 2筒 2筒
2019-11-10 01:03:34 用户shakalaka打完牌，等待其它用户出牌
2019-11-10 01:03:42 用户shakalaka正在打牌
2019-11-10 01:03:43 用户shakalaka手牌为： 2万 3万 3万 6万 7万
2019-11-10 01:03:43 用户shakalaka杠碰为： 1万 1万 1万 1万 5万 5万 5万 2筒 2筒 2筒
2019-11-10 01:03:46 用户shakalaka打完牌，等待其它用户出牌
2019-11-10 01:04:01 排序窗口
2019-11-10 01:04:01 排序窗口完成，开始识别窗口
2019-11-10 01:04:01 识别启动，开始查找目标窗口
2019-11-10 01:04:02 识别窗口成功，找到1个目标窗口
2019-11-10 01:04:02 开始识别第1个用户
2019-11-10 01:04:15 找到用户shakalaka
2019-11-10 01:07:37 排序窗口
2019-11-10 01:07:37 排序窗口完成，开始识别窗口
2019-11-10 01:07:37 识别启动，开始查找目标窗口
2019-11-10 01:07:38 识别窗口成功，找到1个目标窗口
2019-11-10 01:07:38 开始识别第1个用户
2019-11-10 01:07:38 找到用户shakalaka
2019-11-10 01:07:40 用户shakalaka正在匹配房间
2019-11-10 01:07:41 用户shakalaka正在匹配房间
2019-11-10 01:07:42 用户shakalaka正在匹配房间
2019-11-10 01:07:43 用户shakalaka正在匹配房间
2019-11-10 01:07:44 用户shakalaka匹配到房间，游戏开始
2019-11-10 01:07:44 获取用户shakalaka方位成功
2019-11-10 01:07:45 用户shakalaka正在打牌
2019-11-10 01:07:45 用户shakalaka手牌为： 2万 3万 3万 6万 7万
2019-11-10 01:07:45 用户shakalaka杠碰为： 1万 1万 1万 1万 5万 5万 5万 2筒 2筒 2筒 2筒
2019-11-10 01:08:19 用户shakalaka打完牌，等待其它用户出牌
2019-11-10 01:08:22 用户shakalaka正在打牌
2019-11-10 01:08:22 获取用户shakalaka手牌失败
2019-11-10 01:08:22 用户shakalaka手牌为： 2万 3万 6万 7万
2019-11-10 01:08:22 用户shakalaka杠碰为： 1万 1万 1万 1万 2筒 2筒 2筒
2019-11-10 01:09:03 用户shakalaka打完牌，等待其它用户出牌
2019-11-10 01:09:10 用户shakalaka正在打牌
2019-11-10 01:09:10 用户shakalaka手牌为： 2万 3万 6万 7万 6筒
2019-11-10 01:09:10 用户shakalaka杠碰为： 1万 1万 1万 1万 5万 5万 5万 2筒 2筒 2筒
2019-11-10 01:09:41 用户shakalaka打完牌，等待其它用户出牌
2019-11-10 01:09:42 用户shakalaka正在打牌
2019-11-10 01:09:42 用户shakalaka手牌为： 2万 3万 6万 7万 7筒
2019-11-10 01:09:42 用户shakalaka杠碰为： 1万 1万 1万 1万 5万 5万 5万 2筒 2筒 2筒
2019-11-10 01:09:55 用户shakalaka打完牌，等待其它用户出牌
